You selected 8 threads.
time:275394 ms
	Command being timed: "./MetaBinG2 /home/ugrads/cqm5886/work/CSE566finalproject/data/simulated_data/camisim_out/fungi/2021.04.13_12.12.10_sample_0/reads/anonymous_reads.fa /home/ugrads/cqm5886/work/CSE566finalproject/github_repos/profilers/MetaBinG2/reference_database/db_micro_euk 8 fungi.out"
	User time (seconds): 1398.09
	System time (seconds): 7.83
	Percent of CPU this job got: 510%
	Elapsed (wall clock) time (h:mm:ss or m:ss): 4:35.66
	Average shared text size (kbytes): 0
	Average unshared data size (kbytes): 0
	Average stack size (kbytes): 0
	Average total size (kbytes): 0
	Maximum resident set size (kbytes): 4082000
	Average resident set size (kbytes): 0
	Major (requiring I/O) page faults: 0
	Minor (reclaiming a frame) page faults: 1048507
	Voluntary context switches: 84285
	Involuntary context switches: 12987
	Swaps: 0
	File system inputs: 8
	File system outputs: 5074144
	Socket messages sent: 0
	Socket messages received: 0
	Signals delivered: 0
	Page size (bytes): 4096
	Exit status: 0
