	Command being timed: "python /home/ugrads/cqm5886/work/CSE566finalproject/py_scripts/build_metabinG2_custom_database.py --path /home/ugrads/cqm5886/work/CSE566finalproject/data/viruses_fungi_info/MiCoP_database_fungi_full_info_formatted.txt --organism fungi --outfolder /home/ugrads/cqm5886/work/CSE566finalproject"
	User time (seconds): 12775.41
	System time (seconds): 242.69
	Percent of CPU this job got: 99%
	Elapsed (wall clock) time (h:mm:ss or m:ss): 3:37:06
	Average shared text size (kbytes): 0
	Average unshared data size (kbytes): 0
	Average stack size (kbytes): 0
	Average total size (kbytes): 0
	Maximum resident set size (kbytes): 44412
	Average resident set size (kbytes): 0
	Major (requiring I/O) page faults: 4
	Minor (reclaiming a frame) page faults: 46665006
	Voluntary context switches: 451090
	Involuntary context switches: 110274
	Swaps: 0
	File system inputs: 14656408
	File system outputs: 3062984
	Socket messages sent: 0
	Socket messages received: 0
	Signals delivered: 0
	Page size (bytes): 4096
	Exit status: 0
