You selected 8 threads.
time:3435270 ms
	Command being timed: "./MetaBinG2 /home/ugrads/cqm5886/work/CSE566finalproject/data/simulated_data/camisim_out/fungi/2021.04.13_12.12.10_sample_0/reads/anonymous_reads.fa /home/ugrads/cqm5886/work/CSE566finalproject/github_repos/profilers/MetaBinG2/reference_database/db_customized_fungi 8 fungi.out"
	User time (seconds): 9461.11
	System time (seconds): 38.79
	Percent of CPU this job got: 276%
	Elapsed (wall clock) time (h:mm:ss or m:ss): 57:17.05
	Average shared text size (kbytes): 0
	Average unshared data size (kbytes): 0
	Average stack size (kbytes): 0
	Average total size (kbytes): 0
	Maximum resident set size (kbytes): 50466212
	Average resident set size (kbytes): 0
	Major (requiring I/O) page faults: 808
	Minor (reclaiming a frame) page faults: 14834704
	Voluntary context switches: 189507
	Involuntary context switches: 21128
	Swaps: 0
	File system inputs: 2218984
	File system outputs: 5542448
	Socket messages sent: 0
	Socket messages received: 0
	Signals delivered: 0
	Page size (bytes): 4096
	Exit status: 0
