	Command being timed: "/bin/bash /home/ugrads/cqm5886/work/CSE566finalproject/sh_scripts/run_metaphlan3.sh /home/ugrads/cqm5886/work/CSE566finalproject/data/simulated_data/camisim_out/fungi/2021.04.13_12.12.10_sample_0/reads/anonymous_reads.fq None fungi /home/ugrads/cqm5886/work/CSE566finalproject/data/run_data/MetaPhlAn3/simulated_data/fungi 0"
	User time (seconds): 820.72
	System time (seconds): 136.65
	Percent of CPU this job got: 653%
	Elapsed (wall clock) time (h:mm:ss or m:ss): 2:26.59
	Average shared text size (kbytes): 0
	Average unshared data size (kbytes): 0
	Average stack size (kbytes): 0
	Average total size (kbytes): 0
	Maximum resident set size (kbytes): 2647460
	Average resident set size (kbytes): 0
	Major (requiring I/O) page faults: 0
	Minor (reclaiming a frame) page faults: 1025368
	Voluntary context switches: 405775
	Involuntary context switches: 157755
	Swaps: 0
	File system inputs: 0
	File system outputs: 128
	Socket messages sent: 0
	Socket messages received: 0
	Signals delivered: 0
	Page size (bytes): 4096
	Exit status: 0
