	Command being timed: "/bin/bash /home/ugrads/cqm5886/work/CSE566finalproject/sh_scripts/run_metaphlan3.sh /home/ugrads/cqm5886/work/CSE566finalproject/data/simulated_data/camisim_out/viruses/2021.04.13_11.56.31_sample_0/reads/anonymous_reads.fq None virus /home/ugrads/cqm5886/work/CSE566finalproject/data/run_data/MetaPhlAn3/simulated_data/virus 0"
	User time (seconds): 1077.33
	System time (seconds): 146.44
	Percent of CPU this job got: 666%
	Elapsed (wall clock) time (h:mm:ss or m:ss): 3:03.64
	Average shared text size (kbytes): 0
	Average unshared data size (kbytes): 0
	Average stack size (kbytes): 0
	Average total size (kbytes): 0
	Maximum resident set size (kbytes): 2645500
	Average resident set size (kbytes): 0
	Major (requiring I/O) page faults: 1
	Minor (reclaiming a frame) page faults: 1299643
	Voluntary context switches: 590461
	Involuntary context switches: 690468
	Swaps: 0
	File system inputs: 3508768
	File system outputs: 181008
	Socket messages sent: 0
	Socket messages received: 0
	Signals delivered: 0
	Page size (bytes): 4096
	Exit status: 0
