	Command being timed: "python /home/ugrads/cqm5886/work/CSE566finalproject/py_scripts/build_metabinG2_custom_database.py --path /home/ugrads/cqm5886/work/CSE566finalproject/data/viruses_fungi_info/MiCoP_database_viruses_full_info_formatted.txt --organism viruses --outfolder /home/ugrads/cqm5886/work/CSE566finalproject"
	User time (seconds): 596.77
	System time (seconds): 28.22
	Percent of CPU this job got: 99%
	Elapsed (wall clock) time (h:mm:ss or m:ss): 10:26.58
	Average shared text size (kbytes): 0
	Average unshared data size (kbytes): 0
	Average stack size (kbytes): 0
	Average total size (kbytes): 0
	Maximum resident set size (kbytes): 13676
	Average resident set size (kbytes): 0
	Major (requiring I/O) page faults: 0
	Minor (reclaiming a frame) page faults: 5551671
	Voluntary context switches: 54524
	Involuntary context switches: 16538
	Swaps: 0
	File system inputs: 483560
	File system outputs: 452120
	Socket messages sent: 0
	Socket messages received: 0
	Signals delivered: 0
	Page size (bytes): 4096
	Exit status: 0
