You selected 8 threads.
time:416656 ms
	Command being timed: "./MetaBinG2 /home/ugrads/cqm5886/work/CSE566finalproject/data/simulated_data/camisim_out/viruses/2021.04.13_11.56.31_sample_0/reads/anonymous_reads.fa /home/ugrads/cqm5886/work/CSE566finalproject/github_repos/profilers/MetaBinG2/reference_database/db_customized_virus 8 viruses.out"
	User time (seconds): 2062.76
	System time (seconds): 8.96
	Percent of CPU this job got: 496%
	Elapsed (wall clock) time (h:mm:ss or m:ss): 6:57.00
	Average shared text size (kbytes): 0
	Average unshared data size (kbytes): 0
	Average stack size (kbytes): 0
	Average total size (kbytes): 0
	Maximum resident set size (kbytes): 5927060
	Average resident set size (kbytes): 0
	Major (requiring I/O) page faults: 808
	Minor (reclaiming a frame) page faults: 1665480
	Voluntary context switches: 123684
	Involuntary context switches: 4492
	Swaps: 0
	File system inputs: 2408384
	File system outputs: 5182424
	Socket messages sent: 0
	Socket messages received: 0
	Signals delivered: 0
	Page size (bytes): 4096
	Exit status: 0
