You selected 8 threads.
time:83896 ms
	Command being timed: "./MetaBinG2 /home/ugrads/cqm5886/work/CSE566finalproject/data/mock_data/fungi/mock-24/fastq/mock_combined.fasta /home/ugrads/cqm5886/work/CSE566finalproject/github_repos/profilers/MetaBinG2/reference_database/db_micro_euk 8 fungi.out"
	User time (seconds): 462.29
	System time (seconds): 4.34
	Percent of CPU this job got: 554%
	Elapsed (wall clock) time (h:mm:ss or m:ss): 1:24.20
	Average shared text size (kbytes): 0
	Average unshared data size (kbytes): 0
	Average stack size (kbytes): 0
	Average total size (kbytes): 0
	Maximum resident set size (kbytes): 4086436
	Average resident set size (kbytes): 0
	Major (requiring I/O) page faults: 708
	Minor (reclaiming a frame) page faults: 1049594
	Voluntary context switches: 26144
	Involuntary context switches: 3292
	Swaps: 0
	File system inputs: 680032
	File system outputs: 2148816
	Socket messages sent: 0
	Socket messages received: 0
	Signals delivered: 0
	Page size (bytes): 4096
	Exit status: 0
