	Command being timed: "/bin/bash /home/ugrads/cqm5886/work/CSE566finalproject/sh_scripts/run_metaphlan3.sh /home/ugrads/cqm5886/work/CSE566finalproject/data/mock_data/fungi/mock-24/fastq/mock-forward-read.fastq /home/ugrads/cqm5886/work/CSE566finalproject/data/mock_data/fungi/mock-24/fastq/mock-reverse-read.fastq fungi /home/ugrads/cqm5886/work/CSE566finalproject/data/run_data/MetaPhlAn3/mock_data/original_fungi 0"
	User time (seconds): 371.84
	System time (seconds): 47.96
	Percent of CPU this job got: 491%
	Elapsed (wall clock) time (h:mm:ss or m:ss): 1:25.42
	Average shared text size (kbytes): 0
	Average unshared data size (kbytes): 0
	Average stack size (kbytes): 0
	Average total size (kbytes): 0
	Maximum resident set size (kbytes): 2668568
	Average resident set size (kbytes): 0
	Major (requiring I/O) page faults: 368
	Minor (reclaiming a frame) page faults: 1028654
	Voluntary context switches: 200617
	Involuntary context switches: 322279
	Swaps: 0
	File system inputs: 5994472
	File system outputs: 16
	Socket messages sent: 0
	Socket messages received: 0
	Signals delivered: 0
	Page size (bytes): 4096
	Exit status: 0
